
> lucky@1.0.0 serve /home/jiaxiangzou/lottery/product
> npm run start


> lucky@1.0.0 start /home/jiaxiangzou/lottery/product
> cd dist && node ../../server/index.js 8888

加载EXCEL数据文件
lottery server listenig at http://:::8888
请求内容："/getTempData"
-----------------------------------------------
请求内容："/getUsers"
-----------------------------------------------
成功返回抽奖用户数据
-----------------------------------------------
请求内容："/getTempData"
-----------------------------------------------
请求内容："/getUsers"
-----------------------------------------------
成功返回抽奖用户数据
-----------------------------------------------
请求内容："/saveData"
-----------------------------------------------
数据写入成功
保存奖品数据成功
-----------------------------------------------
请求内容："/reset"
-----------------------------------------------
重置数据成功
-----------------------------------------------
数据写入成功
数据写入成功
请求内容："/getUsers"
-----------------------------------------------
成功返回抽奖用户数据
-----------------------------------------------
请求内容："/getTempData"
-----------------------------------------------
请求内容："/saveData"
-----------------------------------------------
数据写入成功
保存奖品数据成功
-----------------------------------------------
请求内容："/saveData"
-----------------------------------------------
数据写入成功
保存奖品数据成功
-----------------------------------------------
请求内容："/errorData"
-----------------------------------------------
数据写入成功
保存没来人员数据成功
-----------------------------------------------
请求内容："/reset"
-----------------------------------------------
重置数据成功
-----------------------------------------------
数据写入成功
数据写入成功
请求内容："/getTempData"
-----------------------------------------------
请求内容："/getUsers"
-----------------------------------------------
成功返回抽奖用户数据
-----------------------------------------------
请求内容："/getUsers"
-----------------------------------------------
成功返回抽奖用户数据
-----------------------------------------------
请求内容："/getTempData"
-----------------------------------------------
请求内容："/reset"
-----------------------------------------------
重置数据成功
-----------------------------------------------
数据写入成功
数据写入成功
请求内容："/getTempData"
-----------------------------------------------
请求内容："/getUsers"
-----------------------------------------------
成功返回抽奖用户数据
-----------------------------------------------
请求内容："/getTempData"
-----------------------------------------------
请求内容："/getUsers"
-----------------------------------------------
成功返回抽奖用户数据
-----------------------------------------------
请求内容："/getUsers"
-----------------------------------------------
成功返回抽奖用户数据
-----------------------------------------------
请求内容："/getTempData"
-----------------------------------------------
请求内容："/saveData"
-----------------------------------------------
数据写入成功
保存奖品数据成功
-----------------------------------------------
请求内容："/saveData"
-----------------------------------------------
数据写入成功
保存奖品数据成功
-----------------------------------------------
请求内容："/errorData"
-----------------------------------------------
数据写入成功
保存没来人员数据成功
-----------------------------------------------
请求内容："/reset"
-----------------------------------------------
重置数据成功
-----------------------------------------------
数据写入成功
数据写入成功
请求内容："/getTempData"
-----------------------------------------------
请求内容："/getUsers"
-----------------------------------------------
成功返回抽奖用户数据
-----------------------------------------------
请求内容："/getUsers"
-----------------------------------------------
成功返回抽奖用户数据
-----------------------------------------------
请求内容："/getTempData"
-----------------------------------------------
请求内容："/getTempData"
-----------------------------------------------
请求内容："/getUsers"
-----------------------------------------------
成功返回抽奖用户数据
-----------------------------------------------
请求内容："/saveData"
-----------------------------------------------
数据写入成功
保存奖品数据成功
-----------------------------------------------
请求内容："/saveData"
-----------------------------------------------
数据写入成功
保存奖品数据成功
-----------------------------------------------
请求内容："/reset"
-----------------------------------------------
重置数据成功
-----------------------------------------------
数据写入成功
数据写入成功
请求内容："/saveData"
-----------------------------------------------
数据写入成功
保存奖品数据成功
-----------------------------------------------
请求内容："/saveData"
-----------------------------------------------
数据写入成功
保存奖品数据成功
-----------------------------------------------
请求内容："/reset"
-----------------------------------------------
重置数据成功
-----------------------------------------------
数据写入成功
数据写入成功
请求内容："/getUsers"
-----------------------------------------------
成功返回抽奖用户数据
-----------------------------------------------
请求内容："/getTempData"
-----------------------------------------------
请求内容："/getTempData"
-----------------------------------------------
请求内容："/getUsers"
-----------------------------------------------
成功返回抽奖用户数据
-----------------------------------------------
请求内容："/getTempData"
-----------------------------------------------
请求内容："/getUsers"
-----------------------------------------------
成功返回抽奖用户数据
-----------------------------------------------
请求内容："/getTempData"
-----------------------------------------------
请求内容："/getUsers"
-----------------------------------------------
成功返回抽奖用户数据
-----------------------------------------------
请求内容："/getUsers"
-----------------------------------------------
成功返回抽奖用户数据
-----------------------------------------------
请求内容："/getTempData"
-----------------------------------------------
请求内容："/getTempData"
-----------------------------------------------
请求内容："/getUsers"
-----------------------------------------------
成功返回抽奖用户数据
-----------------------------------------------
请求内容："/getTempData"
-----------------------------------------------
请求内容："/getUsers"
-----------------------------------------------
成功返回抽奖用户数据
-----------------------------------------------
请求内容："/getTempData"
-----------------------------------------------
请求内容："/getUsers"
-----------------------------------------------
成功返回抽奖用户数据
-----------------------------------------------
请求内容："/saveData"
-----------------------------------------------
数据写入成功
保存奖品数据成功
-----------------------------------------------
请求内容："/saveData"
-----------------------------------------------
数据写入成功
保存奖品数据成功
-----------------------------------------------
请求内容："/reset"
-----------------------------------------------
重置数据成功
-----------------------------------------------
数据写入成功
数据写入成功

> lucky@1.0.0 serve /home/jiaxiangzou/lottery/product
> npm run start


> lucky@1.0.0 start /home/jiaxiangzou/lottery/product
> cd dist && node ../../server/index.js 8888

加载EXCEL数据文件
lottery server listenig at http://:::8888
请求内容："/getTempData"
-----------------------------------------------
请求内容："/getUsers"
-----------------------------------------------
成功返回抽奖用户数据
-----------------------------------------------
请求内容："/getTempData"
-----------------------------------------------
请求内容："/getUsers"
-----------------------------------------------
成功返回抽奖用户数据
-----------------------------------------------

> lucky@1.0.0 serve /home/jiaxiangzou/lottery/product
> npm run start


> lucky@1.0.0 start /home/jiaxiangzou/lottery/product
> cd dist && node ../../server/index.js 8888

加载EXCEL数据文件
lottery server listenig at http://:::8888
(node:18983) UnhandledPromiseRejectionWarning: Error: Exited with code 3
    at ChildProcess.<anonymous> (/home/jiaxiangzou/lottery/server/node_modules/opn/index.js:85:13)
    at Object.onceWrapper (events.js:520:26)
    at ChildProcess.emit (events.js:400:28)
    at maybeClose (internal/child_process.js:1088:16)
    at Socket.<anonymous> (internal/child_process.js:446:11)
    at Socket.emit (events.js:400:28)
    at Pipe.<anonymous> (net.js:686:12)
(Use `node --trace-warnings ...` to show where the warning was created)
(node:18983) UnhandledPromiseRejectionWarning: Unhandled promise rejection. This error originated either by throwing inside of an async function without a catch block, or by rejecting a promise which was not handled with .catch(). To terminate the node process on unhandled promise rejection, use the CLI flag `--unhandled-rejections=strict` (see https://nodejs.org/api/cli.html#cli_unhandled_rejections_mode). (rejection id: 1)
(node:18983) [DEP0018] DeprecationWarning: Unhandled promise rejections are deprecated. In the future, promise rejections that are not handled will terminate the Node.js process with a non-zero exit code.
请求内容："/getUsers"
-----------------------------------------------
成功返回抽奖用户数据
-----------------------------------------------
请求内容："/getTempData"
-----------------------------------------------
请求内容："/getTempData"
-----------------------------------------------
请求内容："/getUsers"
-----------------------------------------------
成功返回抽奖用户数据
-----------------------------------------------
请求内容："/getTempData"
-----------------------------------------------
请求内容："/getUsers"
-----------------------------------------------
成功返回抽奖用户数据
-----------------------------------------------
请求内容："/saveData"
-----------------------------------------------
数据写入成功
保存奖品数据成功
-----------------------------------------------
请求内容："/saveData"
-----------------------------------------------
数据写入成功
保存奖品数据成功
-----------------------------------------------
请求内容："/reset"
-----------------------------------------------
重置数据成功
-----------------------------------------------
数据写入成功
数据写入成功
请求内容："/saveData"
-----------------------------------------------
数据写入成功
保存奖品数据成功
-----------------------------------------------
请求内容："/saveData"
-----------------------------------------------
数据写入成功
保存奖品数据成功
-----------------------------------------------
请求内容："/saveData"
-----------------------------------------------
数据写入成功
保存奖品数据成功
-----------------------------------------------
请求内容："/saveData"
-----------------------------------------------
数据写入成功
保存奖品数据成功
-----------------------------------------------
请求内容："/saveData"
-----------------------------------------------
数据写入成功
保存奖品数据成功
-----------------------------------------------
请求内容："/errorData"
-----------------------------------------------
数据写入成功
保存没来人员数据成功
-----------------------------------------------
请求内容："/reset"
-----------------------------------------------
重置数据成功
-----------------------------------------------
数据写入成功
数据写入成功
请求内容："/saveData"
-----------------------------------------------
数据写入成功
保存奖品数据成功
-----------------------------------------------
请求内容："/saveData"
-----------------------------------------------
数据写入成功
保存奖品数据成功
-----------------------------------------------
请求内容："/reset"
-----------------------------------------------
重置数据成功
-----------------------------------------------
数据写入成功
数据写入成功
请求内容："/getTempData"
-----------------------------------------------
请求内容："/getUsers"
-----------------------------------------------
成功返回抽奖用户数据
-----------------------------------------------
请求内容："/saveData"
-----------------------------------------------
数据写入成功
保存奖品数据成功
-----------------------------------------------
请求内容："/saveData"
-----------------------------------------------
数据写入成功
保存奖品数据成功
-----------------------------------------------
